# JRE version: Java(TM) SE Runtime Environment (8.0_191-b12) (build 1.8.0_191-b12)
# Java VM: Java HotSpot(TM) Client VM (25.191-b12 mixed mode windows-x86 )
Heap:
 def new generation   total 157248K, used 86164K [0x05600000, 0x100a0000, 0x100a0000)
  eden space 139776K,  61% used [0x05600000, 0x0aa25298, 0x0de80000)
  from space 17472K,   0% used [0x0de80000, 0x0de80000, 0x0ef90000)
  to   space 17472K,   0% used [0x0ef90000, 0x0ef90000, 0x100a0000)
 tenured generation   total 349568K, used 348299K [0x100a0000, 0x25600000, 0x25600000)
   the space 349568K,  99% used [0x100a0000, 0x254c2d40, 0x254c2e00, 0x25600000)
 Metaspace       used 22261K, capacity 22806K, committed 22912K, reserved 22912K
GC Heap History (10 events):
Event: 5824.395 GC heap before
{Heap before GC invocations=46 (full 12):
 def new generation   total 157248K, used 78539K [0x05600000, 0x100a0000, 0x100a0000)
  eden space 139776K,  56% used [0x05600000, 0x0a2b2d80, 0x0de80000)
  from space 17472K,   0% used [0x0de80000, 0x0de80000, 0x0ef90000)
  to   space 17472K,   0% used [0x0ef90000, 0x0ef90000, 0x100a0000)
 tenured generation   total 349568K, used 325462K [0x100a0000, 0x25600000, 0x25600000)
   the space 349568K,  93% used [0x100a0000, 0x23e75848, 0x23e75a00, 0x25600000)
 Metaspace       used 22261K, capacity 22806K, committed 22912K, reserved 22912K
Event: 5824.539 GC heap after
Heap after GC invocations=47 (full 13):
 def new generation   total 157248K, used 0K [0x05600000, 0x100a0000, 0x100a0000)
  eden space 139776K,   0% used [0x05600000, 0x05600000, 0x0de80000)
  from space 17472K,   0% used [0x0de80000, 0x0de80000, 0x0ef90000)
  to   space 17472K,   0% used [0x0ef90000, 0x0ef90000, 0x100a0000)
 tenured generation   total 349568K, used 328814K [0x100a0000, 0x25600000, 0x25600000)
   the space 349568K,  94% used [0x100a0000, 0x241bba70, 0x241bbc00, 0x25600000)
 Metaspace       used 22261K, capacity 22806K, committed 22912K, reserved 22912K
}
Event: 5824.571 GC heap before
{Heap before GC invocations=47 (full 13):
 def new generation   total 157248K, used 81540K [0x05600000, 0x100a0000, 0x100a0000)
  eden space 139776K,  58% used [0x05600000, 0x0a5a11f0, 0x0de80000)
  from space 17472K,   0% used [0x0de80000, 0x0de80000, 0x0ef90000)
  to   space 17472K,   0% used [0x0ef90000, 0x0ef90000, 0x100a0000)
 tenured generation   total 349568K, used 328814K [0x100a0000, 0x25600000, 0x25600000)
   the space 349568K,  94% used [0x100a0000, 0x241bba70, 0x241bbc00, 0x25600000)
 Metaspace       used 22261K, capacity 22806K, committed 22912K, reserved 22912K
Event: 5824.729 GC heap after
Heap after GC invocations=48 (full 14):
 def new generation   total 157248K, used 0K [0x05600000, 0x100a0000, 0x100a0000)
  eden space 139776K,   0% used [0x05600000, 0x05600000, 0x0de80000)
  from space 17472K,   0% used [0x0de80000, 0x0de80000, 0x0ef90000)
  to   space 17472K,   0% used [0x0ef90000, 0x0ef90000, 0x100a0000)
 tenured generation   total 349568K, used 333105K [0x100a0000, 0x25600000, 0x25600000)
   the space 349568K,  95% used [0x100a0000, 0x245ec7e8, 0x245ec800, 0x25600000)
 Metaspace       used 22261K, capacity 22806K, committed 22912K, reserved 22912K
}
Event: 5824.765 GC heap before
{Heap before GC invocations=48 (full 14):
 def new generation   total 157248K, used 83323K [0x05600000, 0x100a0000, 0x100a0000)
  eden space 139776K,  59% used [0x05600000, 0x0a75ee88, 0x0de80000)
  from space 17472K,   0% used [0x0de80000, 0x0de80000, 0x0ef90000)
  to   space 17472K,   0% used [0x0ef90000, 0x0ef90000, 0x100a0000)
 tenured generation   total 349568K, used 333105K [0x100a0000, 0x25600000, 0x25600000)
   the space 349568K,  95% used [0x100a0000, 0x245ec7e8, 0x245ec800, 0x25600000)
 Metaspace       used 22261K, capacity 22806K, committed 22912K, reserved 22912K
Event: 5824.911 GC heap after
Heap after GC invocations=49 (full 15):
 def new generation   total 157248K, used 0K [0x05600000, 0x100a0000, 0x100a0000)
  eden space 139776K,   0% used [0x05600000, 0x05600000, 0x0de80000)
  from space 17472K,   0% used [0x0de80000, 0x0de80000, 0x0ef90000)
  to   space 17472K,   0% used [0x0ef90000, 0x0ef90000, 0x100a0000)
 tenured generation   total 349568K, used 337148K [0x100a0000, 0x25600000, 0x25600000)
   the space 349568K,  96% used [0x100a0000, 0x249df030, 0x249df200, 0x25600000)
 Metaspace       used 22261K, capacity 22806K, committed 22912K, reserved 22912K
}
Event: 5824.956 GC heap before
{Heap before GC invocations=49 (full 15):
 def new generation   total 157248K, used 87619K [0x05600000, 0x100a0000, 0x100a0000)
  eden space 139776K,  62% used [0x05600000, 0x0ab90d88, 0x0de80000)
  from space 17472K,   0% used [0x0de80000, 0x0de80000, 0x0ef90000)
  to   space 17472K,   0% used [0x0ef90000, 0x0ef90000, 0x100a0000)
 tenured generation   total 349568K, used 337148K [0x100a0000, 0x25600000, 0x25600000)
   the space 349568K,  96% used [0x100a0000, 0x249df030, 0x249df200, 0x25600000)
 Metaspace       used 22261K, capacity 22806K, committed 22912K, reserved 22912K
Event: 5825.119 GC heap after
Heap after GC invocations=50 (full 16):
 def new generation   total 157248K, used 0K [0x05600000, 0x100a0000, 0x100a0000)
  eden space 139776K,   0% used [0x05600000, 0x05600000, 0x0de80000)
  from space 17472K,   0% used [0x0de80000, 0x0de80000, 0x0ef90000)
  to   space 17472K,   0% used [0x0ef90000, 0x0ef90000, 0x100a0000)
 tenured generation   total 349568K, used 342453K [0x100a0000, 0x25600000, 0x25600000)
   the space 349568K,  97% used [0x100a0000, 0x24f0d6c0, 0x24f0d800, 0x25600000)
 Metaspace       used 22261K, capacity 22806K, committed 22912K, reserved 22912K
}
Event: 5825.173 GC heap before
{Heap before GC invocations=50 (full 16):
 def new generation   total 157248K, used 93275K [0x05600000, 0x100a0000, 0x100a0000)
  eden space 139776K,  66% used [0x05600000, 0x0b116cc8, 0x0de80000)
  from space 17472K,   0% used [0x0de80000, 0x0de80000, 0x0ef90000)
  to   space 17472K,   0% used [0x0ef90000, 0x0ef90000, 0x100a0000)
 tenured generation   total 349568K, used 342453K [0x100a0000, 0x25600000, 0x25600000)
   the space 349568K,  97% used [0x100a0000, 0x24f0d6c0, 0x24f0d800, 0x25600000)
 Metaspace       used 22261K, capacity 22806K, committed 22912K, reserved 22912K
Event: 5825.331 GC heap after
Heap after GC invocations=51 (full 17):
 def new generation   total 157248K, used 0K [0x05600000, 0x100a0000, 0x100a0000)
  eden space 139776K,   0% used [0x05600000, 0x05600000, 0x0de80000)
  from space 17472K,   0% used [0x0de80000, 0x0de80000, 0x0ef90000)
  to   space 17472K,   0% used [0x0ef90000, 0x0ef90000, 0x100a0000)
 tenured generation   total 349568K, used 348299K [0x100a0000, 0x25600000, 0x25600000)
   the space 349568K,  99% used [0x100a0000, 0x254c2d40, 0x254c2e00, 0x25600000)
 Metaspace       used 22261K, capacity 22806K, committed 22912K, reserved 22912K
}

